<?xml version="1.0" encoding="UTF-8"?>
<!-- Generated by org.testng.reporters.JUnitReportReporter -->
<testsuite hostname="sys" failures="0" tests="1" name="test2.dependenciesCheck" time="11.629" errors="0" timestamp="2020-03-05T13:05:22 EST" skipped="0">
  <testcase classname="test2.dependenciesCheck" name="printname" time="11.629"/>
  <system-out/>
</testsuite> <!-- test2.dependenciesCheck -->
